<?xml version="1.0" encoding="UTF-8"?>
<!-- Generated by org.testng.reporters.JUnitReportReporter -->
<testsuite hostname="CNZ21MAC15.fritz.box" failures="0" tests="3" name="tests.HomePageTest" time="14.261" errors="0" timestamp="05 Sep 2021 04:33:44 GMT" skipped="0">
  <testcase classname="tests.HomePageTest" name="pageValidation" time="5.422"/>
  <testcase classname="tests.HomePageTest" name="positiveTests" time="3.824"/>
  <testcase classname="tests.HomePageTest" name="negativeTests" time="5.015"/>
</testsuite> <!-- tests.HomePageTest -->
