<?xml version="1.0" encoding="UTF-8"?>
<!-- Generated by org.testng.reporters.JUnitReportReporter -->
<testsuite hostname="CNZ21MAC15.fritz.box" failures="0" tests="3" name="tests.HomePageTest" time="14.546" errors="0" timestamp="05 Sep 2021 05:07:28 GMT" skipped="0">
  <testcase classname="tests.HomePageTest" name="pageValidation" time="5.396"/>
  <testcase classname="tests.HomePageTest" name="positiveTests" time="3.948"/>
  <testcase classname="tests.HomePageTest" name="negativeTests" time="5.202"/>
</testsuite> <!-- tests.HomePageTest -->
